Application started. Press Ctrl+C to shut down.
Hosting environment: Development
Content root path: D:\MSSQL\dns_employees\dns_employees\dns_employees
Fetching employees list
0
Fetching managers list
Application started. Press Ctrl+C to shut down.
Hosting environment: Development
Content root path: D:\MSSQL\dns_employees\dns_employees\dns_employees
Fetching employees list
Fetching managers list
1
1 Ivanov Ivan
Application started. Press Ctrl+C to shut down.
Hosting environment: Development
Content root path: D:\MSSQL\dns_employees\dns_employees\dns_employees
Fetching employees list
7
Application started. Press Ctrl+C to shut down.
Hosting environment: Development
Content root path: D:\MSSQL\dns_employees\dns_employees\dns_employees
Fetching employees list
7
Application started. Press Ctrl+C to shut down.
Hosting environment: Development
Content root path: D:\MSSQL\dns_employees\dns_employees\dns_employees
Fetching employees list
7
7 Petrov Petr
5
5 asdf
Fetching managers list
Fetching employees list
Application started. Press Ctrl+C to shut down.
Hosting environment: Development
Content root path: D:\MSSQL\dns_employees\dns_employees\dns_employees
Fetching employees list
Fetching managers list
Fetching employees list
5
5 asdf
Fetching managers list
Application started. Press Ctrl+C to shut down.
Hosting environment: Development
Content root path: D:\MSSQL\dns_employees\dns_employees\dns_employees
Fetching employees list
Fetching managers list
Fetching employees list
Fetching managers list
Fetching employees list
0
Fetching managers list
Fetching employees list
1
1 Ivanov Ivan
Fetching employees list
Application started. Press Ctrl+C to shut down.
Hosting environment: Development
Content root path: D:\MSSQL\dns_employees\dns_employees\dns_employees
Fetching employees list
Application started. Press Ctrl+C to shut down.
Hosting environment: Development
Content root path: D:\MSSQL\dns_employees\dns_employees\dns_employees
Fetching employees list
Application started. Press Ctrl+C to shut down.
Hosting environment: Development
Content root path: D:\MSSQL\dns_employees\dns_employees\dns_employees
Fetching employees list
Fetching managers list
Fetching employees list
0
Fetching employees list
Application started. Press Ctrl+C to shut down.
Hosting environment: Development
Content root path: D:\MSSQL\dns_employees\dns_employees\dns_employees
Fetching employees list
0
Application started. Press Ctrl+C to shut down.
Hosting environment: Development
Content root path: D:\MSSQL\dns_employees\dns_employees\dns_employees
Fetching employees list
0
Application started. Press Ctrl+C to shut down.
Hosting environment: Development
Content root path: D:\MSSQL\dns_employees\dns_employees\dns_employees
Fetching employees list
0
Application started. Press Ctrl+C to shut down.
Hosting environment: Development
Content root path: D:\MSSQL\dns_employees\dns_employees\dns_employees
Fetching employees list
0
An unhandled exception has occurred while executing the request.
Application started. Press Ctrl+C to shut down.
Hosting environment: Development
Content root path: D:\MSSQL\dns_employees\dns_employees\dns_employees
Fetching employees list
0
0
Application started. Press Ctrl+C to shut down.
Hosting environment: Development
Content root path: D:\MSSQL\dns_employees\dns_employees\dns_employees
Fetching employees list
0
2
2 Petrov Petr
Fetching employees list
0
Application started. Press Ctrl+C to shut down.
Hosting environment: Development
Content root path: D:\MSSQL\dns_employees\dns_employees\dns_employees
Fetching employees list
Application started. Press Ctrl+C to shut down.
Hosting environment: Development
Content root path: D:\MSSQL\dns_employees\dns_employees\dns_employees
Fetching employees list
1
1 Ivanov Ivan
2
2 Petrov Petr
Application started. Press Ctrl+C to shut down.
Hosting environment: Development
Content root path: D:\MSSQL\dns_employees\dns_employees\dns_employees
Fetching employees list
0
Application started. Press Ctrl+C to shut down.
Hosting environment: Development
Content root path: D:\MSSQL\dns_employees\dns_employees\dns_employees
Fetching employees list
0
2
2 Petrov Petr
Fetching employees list
Application started. Press Ctrl+C to shut down.
Hosting environment: Development
Content root path: D:\MSSQL\dns_employees\dns_employees\dns_employees
Fetching employees list
2
2 Petrov Petr
Fetching employees list
Fetching employees list
2
2 Petrov Petr
Application started. Press Ctrl+C to shut down.
Hosting environment: Development
Content root path: D:\MSSQL\dns_employees\dns_employees\dns_employees
Fetching employees list
2
2 Petrov Petr
Application started. Press Ctrl+C to shut down.
Hosting environment: Development
Content root path: D:\MSSQL\dns_employees\dns_employees\dns_employees
Fetching employees list
2
2 Petrov Petr
Fetching employees list
2
2 Petrov Petr
2
2 Petrov Petr
2
2 Petrov Petr
Fetching employees list
Application started. Press Ctrl+C to shut down.
Hosting environment: Development
Content root path: D:\MSSQL\dns_employees\dns_employees\dns_employees
Fetching employees list
0
0
Fetching employees list
0
4
4 Petrov Petr
Application started. Press Ctrl+C to shut down.
Hosting environment: Development
Content root path: D:\MSSQL\dns_employees\dns_employees\dns_employees
Fetching employees list
3
3 asdf
3
3 asdf
3
3 asdf
Fetching employees list
0
Application started. Press Ctrl+C to shut down.
Hosting environment: Development
Content root path: D:\MSSQL\dns_employees\dns_employees\dns_employees
Fetching employees list
Application started. Press Ctrl+C to shut down.
Hosting environment: Development
Content root path: D:\MSSQL\dns_employees\dns_employees\dns_employees
Fetching employees list
Application started. Press Ctrl+C to shut down.
Hosting environment: Development
Content root path: D:\MSSQL\dns_employees\dns_employees\dns_employees
Fetching employees list
Application started. Press Ctrl+C to shut down.
Hosting environment: Development
Content root path: D:\MSSQL\dns_employees\dns_employees\dns_employees
Fetching employees list
Application started. Press Ctrl+C to shut down.
Hosting environment: Development
Content root path: D:\MSSQL\dns_employees\dns_employees\dns_employees
Fetching employees list
Error: Процедура или функция "spAddNew" ожидает параметр "@Manager_id", который не был указан.
Application started. Press Ctrl+C to shut down.
Hosting environment: Development
Content root path: D:\MSSQL\dns_employees\dns_employees\dns_employees
Fetching employees list
Error: Процедура или функция "spAddNew" ожидает параметр "@Manager_id", который не был указан.
Application started. Press Ctrl+C to shut down.
Hosting environment: Development
Content root path: D:\MSSQL\dns_employees\dns_employees\dns_employees
Fetching employees list
Application started. Press Ctrl+C to shut down.
Hosting environment: Development
Content root path: D:\MSSQL\dns_employees\dns_employees\dns_employees
Fetching employees list
Application started. Press Ctrl+C to shut down.
Hosting environment: Development
Content root path: D:\MSSQL\dns_employees\dns_employees\dns_employees
Fetching employees list
Application started. Press Ctrl+C to shut down.
Hosting environment: Development
Content root path: D:\MSSQL\dns_employees\dns_employees\dns_employees
Fetching employees list
Application started. Press Ctrl+C to shut down.
Hosting environment: Development
Content root path: D:\MSSQL\dns_employees\dns_employees\dns_employees
Fetching employees list
Application started. Press Ctrl+C to shut down.
Hosting environment: Development
Content root path: D:\MSSQL\dns_employees\dns_employees\dns_employees
Fetching employees list
Error: Процедура или функция "spAddNew" ожидает параметр "@Manager_id", который не был указан.
Fetching employees list
Application started. Press Ctrl+C to shut down.
Hosting environment: Development
Content root path: D:\MSSQL\dns_employees\dns_employees\dns_employees
Fetching employees list
Application started. Press Ctrl+C to shut down.
Hosting environment: Development
Content root path: D:\MSSQL\dns_employees\dns_employees\dns_employees
Fetching employees list
Application started. Press Ctrl+C to shut down.
Hosting environment: Development
Content root path: D:\MSSQL\dns_employees\dns_employees\dns_employees
Fetching employees list
Application started. Press Ctrl+C to shut down.
Hosting environment: Development
Content root path: D:\MSSQL\dns_employees\dns_employees\dns_employees
Fetching employees list
An unhandled exception has occurred while executing the request.
An unhandled exception has occurred while executing the request.
5 123123123
An unhandled exception has occurred while executing the request.
5 123123123
An unhandled exception has occurred while executing the request.
5 123123123
An unhandled exception has occurred while executing the request.
5 123123123
An unhandled exception has occurred while executing the request.
Application started. Press Ctrl+C to shut down.
Hosting environment: Development
Content root path: D:\MSSQL\dns_employees\dns_employees\dns_employees
Fetching employees list
An unhandled exception has occurred while executing the request.
Application started. Press Ctrl+C to shut down.
Hosting environment: Development
Content root path: D:\MSSQL\dns_employees\dns_employees\dns_employees
Fetching employees list
Application started. Press Ctrl+C to shut down.
Hosting environment: Development
Content root path: D:\MSSQL\dns_employees\dns_employees\dns_employees
Fetching employees list
An unhandled exception has occurred while executing the request.
An unhandled exception has occurred while executing the request.
Application started. Press Ctrl+C to shut down.
Hosting environment: Development
Content root path: D:\MSSQL\dns_employees\dns_employees\dns_employees
Fetching employees list
An unhandled exception has occurred while executing the request.
An unhandled exception has occurred while executing the request.
An unhandled exception has occurred while executing the request.
An unhandled exception has occurred while executing the request.
Application started. Press Ctrl+C to shut down.
Hosting environment: Development
Content root path: D:\MSSQL\dns_employees\dns_employees\dns_employees
Fetching employees list
An unhandled exception has occurred while executing the request.
Application started. Press Ctrl+C to shut down.
Hosting environment: Development
Content root path: D:\MSSQL\dns_employees\dns_employees\dns_employees
Fetching employees list
The view 'AddOrEdit' was not found. Searched locations: /Views/Employee/AddOrEdit.cshtml, /Views/Shared/AddOrEdit.cshtml
An unhandled exception has occurred while executing the request.
The view 'AddOrEdit' was not found. Searched locations: /Views/Employee/AddOrEdit.cshtml, /Views/Shared/AddOrEdit.cshtml
An unhandled exception has occurred while executing the request.
Application started. Press Ctrl+C to shut down.
Hosting environment: Development
Content root path: D:\MSSQL\dns_employees\dns_employees\dns_employees
Fetching employees list
Application started. Press Ctrl+C to shut down.
Hosting environment: Development
Content root path: D:\MSSQL\dns_employees\dns_employees\dns_employees
Fetching employees list
Application started. Press Ctrl+C to shut down.
Hosting environment: Development
Content root path: D:\MSSQL\dns_employees\dns_employees\dns_employees
Fetching employees list
Application started. Press Ctrl+C to shut down.
Hosting environment: Development
Content root path: D:\MSSQL\dns_employees\dns_employees\dns_employees
Fetching employees list
Application started. Press Ctrl+C to shut down.
Hosting environment: Development
Content root path: D:\MSSQL\dns_employees\dns_employees\dns_employees
Fetching employees list
Application started. Press Ctrl+C to shut down.
Hosting environment: Development
Content root path: D:\MSSQL\dns_employees\dns_employees\dns_employees
Fetching employees list
Application started. Press Ctrl+C to shut down.
Hosting environment: Development
Content root path: D:\MSSQL\dns_employees\dns_employees\dns_employees
Fetching employees list
